<?xml version="1.0" encoding="UTF-8"?>
<!-- Generated by org.testng.reporters.JUnitReportReporter -->
<testsuite hostname="DESKTOP-DSICQ2F" failures="0" tests="4" name="naga.DataDriven1" time="0.035" errors="0" timestamp="2022-06-15T01:01:21 IST" skipped="0">
  <testcase classname="naga.DataDriven1" name="getDisplay" time="0.006"/>
  <system-out/>
  <testcase classname="naga.DataDriven1" name="getDisplay" time="0.003"/>
  <system-out/>
  <testcase classname="naga.DataDriven1" name="getDisplay" time="0.019"/>
  <system-out/>
  <testcase classname="naga.DataDriven1" name="getDisplay" time="0.007"/>
  <system-out/>
</testsuite> <!-- naga.DataDriven1 -->
