<?xml version="1.0" encoding="UTF-8"?>
<!-- Generated by org.testng.reporters.JUnitReportReporter -->
<testsuite hostname="DESKTOP-DSICQ2F" failures="0" tests="2" name="naga.SeleniumTest" time="34.733" errors="0" timestamp="2022-06-03T00:17:23 IST" skipped="0">
  <testcase classname="naga.SeleniumTest" name="getdata" time="34.718"/>
  <system-out/>
  <testcase classname="naga.SeleniumTest" name="getBrowser" time="0.015"/>
  <system-out/>
</testsuite> <!-- naga.SeleniumTest -->
