<?xml version="1.0" encoding="UTF-8"?>
<!-- Generated by org.testng.reporters.JUnitReportReporter -->
<testsuite hostname="DESKTOP-DSICQ2F" failures="0" tests="2" name="naga.AppiumTest" time="0.013" errors="0" timestamp="2022-06-02T23:18:57 IST" skipped="0">
  <testcase classname="naga.AppiumTest" name="appDetails" time="0.012"/>
  <system-out/>
  <testcase classname="naga.AppiumTest" name="mobApp" time="0.001"/>
  <system-out/>
</testsuite> <!-- naga.AppiumTest -->
